#
# There is insufficient memory for the Java Runtime Environment to continue.
# Native memory allocation (malloc) failed to allocate 32744 bytes for ChunkPool::allocate
# Possible reasons:
#   The system is out of physical RAM or swap space
#   In 32 bit mode, the process size limit was hit
# Possible solutions:
#   Reduce memory load on the system
#   Increase physical memory or swap space
#   Check if swap backing store is full
#   Use 64 bit Java on a 64 bit OS
#   Decrease Java heap size (-Xmx/-Xms)
#   Decrease number of Java threads
#   Decrease Java thread stack sizes (-Xss)
#   Set larger code cache with -XX:ReservedCodeCacheSize=
# This output file may be truncated or incomplete.
#
#  Out of Memory Error (allocation.cpp:211), pid=7544, tid=6196
#
# JRE version: Java(TM) SE Runtime Environment (7.0_79-b15) (build 1.7.0_79-b15)
# Java VM: Java HotSpot(TM) 64-Bit Server VM (24.79-b02 mixed mode windows-amd64 compressed oops)
# Failed to write core dump. Minidumps are not enabled by default on client versions of Windows
#

---------------  T H R E A D  ---------------

Current thread (0x0000000008fe3800):  JavaThread "C2 CompilerThread1" daemon [_thread_in_native, id=6196, stack(0x000000000a650000,0x000000000a750000)]

Stack: [0x000000000a650000,0x000000000a750000]
[error occurred during error reporting (printing stack bounds), id 0xc0000005]


[error occurred during error reporting (printing native stack), id 0xc0000005]


Current CompileTask:
C2:  66772  496 % !         org.apache.xerces.impl.XMLDocumentFragmentScannerImpl$FragmentContentDispatcher::dispatch @ 0 (1128 bytes)


---------------  P R O C E S S  ---------------

Java Threads: ( => current thread )
  0x000000000ba9d000 JavaThread "Statistics Thread-liferay-single-vm-1" daemon [_thread_blocked, id=10312, stack(0x000000000cf60000,0x000000000d060000)]
  0x000000000a997800 JavaThread "Statistics Thread-liferay-multi-vm-clustered-1" daemon [_thread_blocked, id=7176, stack(0x000000000cc60000,0x000000000cd60000)]
  0x0000000008ff4000 JavaThread "Service Thread" daemon [_thread_blocked, id=10560, stack(0x000000000a750000,0x000000000a850000)]
=>0x0000000008fe3800 JavaThread "C2 CompilerThread1" daemon [_thread_in_native, id=6196, stack(0x000000000a650000,0x000000000a750000)]
  0x0000000008fe0000 JavaThread "C2 CompilerThread0" daemon [_thread_blocked, id=1356, stack(0x000000000a550000,0x000000000a650000)]
  0x000000000330e000 JavaThread "Attach Listener" daemon [_thread_blocked, id=8716, stack(0x000000000a450000,0x000000000a550000)]
  0x0000000008fdf800 JavaThread "Signal Dispatcher" daemon [_thread_blocked, id=11676, stack(0x000000000a350000,0x000000000a450000)]
  0x0000000003303800 JavaThread "Finalizer" daemon [_thread_blocked, id=1300, stack(0x000000000a250000,0x000000000a350000)]
  0x0000000008fb5800 JavaThread "Reference Handler" daemon [_thread_blocked, id=5000, stack(0x000000000a150000,0x000000000a250000)]
  0x000000000321b800 JavaThread "main" [_thread_in_native, id=9420, stack(0x0000000003020000,0x0000000003120000)]

Other Threads:
  0x0000000008fb3800 VMThread [stack: 0x000000000a050000,0x000000000a150000] [id=11504]
  0x000000000904a000 WatcherThread [stack: 0x000000000a850000,0x000000000a950000] [id=168]

VM state:not at safepoint (normal execution)

VM Mutex/Monitor currently owned by a thread: None

Heap
 PSYoungGen      total 136192K, used 25169K [0x00000000eb600000, 0x00000000f9400000, 0x0000000100000000)
  eden space 128000K, 13% used [0x00000000eb600000,0x00000000ec697b40,0x00000000f3300000)
  from space 8192K, 99% used [0x00000000f3300000,0x00000000f3afc938,0x00000000f3b00000)
  to   space 11264K, 0% used [0x00000000f8900000,0x00000000f8900000,0x00000000f9400000)
 ParOldGen       total 41984K, used 8522K [0x00000000c2200000, 0x00000000c4b00000, 0x00000000eb600000)
  object space 41984K, 20% used [0x00000000c2200000,0x00000000c2a52880,0x00000000c4b00000)
 PSPermGen       total 22528K, used 22164K [0x00000000bd000000, 0x00000000be600000, 0x00000000c2200000)
  object space 22528K, 98% used [0x00000000bd000000,0x00000000be5a5008,0x00000000be600000)

Card table byte_map: [0x0000000006310000,0x0000000006530000] byte_map_base: 0x0000000005d28000

Polling page: 0x0000000001230000

Code Cache  [0x0000000003310000, 0x0000000003580000, 0x0000000006310000)
 total_blobs=865 nmethods=481 adapters=336 free_code_cache=47624Kb largest_free_block=48729088

Compilation events (10 events):
Event: 66.168 Thread 0x0000000008fe3800  493             java.util.regex.Pattern$Start::match (90 bytes)
Event: 66.171 Thread 0x0000000008fe3800 nmethod 493 0x0000000003493c90 code [0x0000000003493de0, 0x0000000003493fc8]
Event: 66.184 Thread 0x0000000008fe0000  494             org.apache.tika.mime.MediaType::isSimpleName (85 bytes)
Event: 66.185 Thread 0x0000000008fe3800  495             org.apache.xerces.util.XMLChar::isNameStart (22 bytes)
Event: 66.186 Thread 0x0000000008fe3800 nmethod 495 0x0000000003489910 code [0x0000000003489a40, 0x0000000003489ab8]
Event: 66.189 Thread 0x0000000008fe0000 nmethod 494 0x00000000033bd590 code [0x00000000033bd6c0, 0x00000000033bd8d8]
Event: 66.351 Thread 0x0000000008fe3800  496 % !         org.apache.xerces.impl.XMLDocumentFragmentScannerImpl$FragmentContentDispatcher::dispatch @ 0 (1128 bytes)
Event: 66.357 Thread 0x0000000008fe0000  497             org.apache.xerces.xni.QName::setValues (22 bytes)
Event: 66.357 Thread 0x0000000008fe0000 nmethod 497 0x00000000033bd390 code [0x00000000033bd4c0, 0x00000000033bd538]
Event: 66.381 Thread 0x0000000008fe0000  498             org.apache.xerces.util.XMLAttributesImpl::getIndex (51 bytes)

GC Heap History (10 events):
Event: 3.262 GC heap before
{Heap before GC invocations=5 (full 0):
 PSYoungGen      total 35328K, used 35097K [0x00000000eb600000, 0x00000000edb00000, 0x0000000100000000)
  eden space 32768K, 100% used [0x00000000eb600000,0x00000000ed600000,0x00000000ed600000)
  from space 2560K, 90% used [0x00000000ed880000,0x00000000edac6440,0x00000000edb00000)
  to   space 2560K, 0% used [0x00000000ed600000,0x00000000ed600000,0x00000000ed880000)
 ParOldGen       total 41984K, used 24K [0x00000000c2200000, 0x00000000c4b00000, 0x00000000eb600000)
  object space 41984K, 0% used [0x00000000c2200000,0x00000000c2206000,0x00000000c4b00000)
 PSPermGen       total 21504K, used 7323K [0x00000000bd000000, 0x00000000be500000, 0x00000000c2200000)
  object space 21504K, 34% used [0x00000000bd000000,0x00000000bd726ef8,0x00000000be500000)
Event: 3.270 GC heap after
Heap after GC invocations=5 (full 0):
 PSYoungGen      total 35328K, used 2540K [0x00000000eb600000, 0x00000000eff00000, 0x0000000100000000)
  eden space 32768K, 0% used [0x00000000eb600000,0x00000000eb600000,0x00000000ed600000)
  from space 2560K, 99% used [0x00000000ed600000,0x00000000ed87b170,0x00000000ed880000)
  to   space 4608K, 0% used [0x00000000efa80000,0x00000000efa80000,0x00000000eff00000)
 ParOldGen       total 41984K, used 1815K [0x00000000c2200000, 0x00000000c4b00000, 0x00000000eb600000)
  object space 41984K, 4% used [0x00000000c2200000,0x00000000c23c5ee8,0x00000000c4b00000)
 PSPermGen       total 21504K, used 7323K [0x00000000bd000000, 0x00000000be500000, 0x00000000c2200000)
  object space 21504K, 34% used [0x00000000bd000000,0x00000000bd726ef8,0x00000000be500000)
}
Event: 27.628 GC heap before
{Heap before GC invocations=6 (full 0):
 PSYoungGen      total 35328K, used 35308K [0x00000000eb600000, 0x00000000eff00000, 0x0000000100000000)
  eden space 32768K, 100% used [0x00000000eb600000,0x00000000ed600000,0x00000000ed600000)
  from space 2560K, 99% used [0x00000000ed600000,0x00000000ed87b170,0x00000000ed880000)
  to   space 4608K, 0% used [0x00000000efa80000,0x00000000efa80000,0x00000000eff00000)
 ParOldGen       total 41984K, used 1815K [0x00000000c2200000, 0x00000000c4b00000, 0x00000000eb600000)
  object space 41984K, 4% used [0x00000000c2200000,0x00000000c23c5ee8,0x00000000c4b00000)
 PSPermGen       total 21504K, used 9538K [0x00000000bd000000, 0x00000000be500000, 0x00000000c2200000)
  object space 21504K, 44% used [0x00000000bd000000,0x00000000bd950988,0x00000000be500000)
Event: 27.635 GC heap after
Heap after GC invocations=6 (full 0):
 PSYoungGen      total 69120K, used 4588K [0x00000000eb600000, 0x00000000f0100000, 0x0000000100000000)
  eden space 64512K, 0% used [0x00000000eb600000,0x00000000eb600000,0x00000000ef500000)
  from space 4608K, 99% used [0x00000000efa80000,0x00000000efefb0a8,0x00000000eff00000)
  to   space 5632K, 0% used [0x00000000ef500000,0x00000000ef500000,0x00000000efa80000)
 ParOldGen       total 41984K, used 1815K [0x00000000c2200000, 0x00000000c4b00000, 0x00000000eb600000)
  object space 41984K, 4% used [0x00000000c2200000,0x00000000c23c5ee8,0x00000000c4b00000)
 PSPermGen       total 21504K, used 9538K [0x00000000bd000000, 0x00000000be500000, 0x00000000c2200000)
  object space 21504K, 44% used [0x00000000bd000000,0x00000000bd950988,0x00000000be500000)
}
Event: 44.507 GC heap before
{Heap before GC invocations=7 (full 0):
 PSYoungGen      total 69120K, used 69100K [0x00000000eb600000, 0x00000000f0100000, 0x0000000100000000)
  eden space 64512K, 100% used [0x00000000eb600000,0x00000000ef500000,0x00000000ef500000)
  from space 4608K, 99% used [0x00000000efa80000,0x00000000efefb0a8,0x00000000eff00000)
  to   space 5632K, 0% used [0x00000000ef500000,0x00000000ef500000,0x00000000efa80000)
 ParOldGen       total 41984K, used 1815K [0x00000000c2200000, 0x00000000c4b00000, 0x00000000eb600000)
  object space 41984K, 4% used [0x00000000c2200000,0x00000000c23c5ee8,0x00000000c4b00000)
 PSPermGen       total 21504K, used 12869K [0x00000000bd000000, 0x00000000be500000, 0x00000000c2200000)
  object space 21504K, 59% used [0x00000000bd000000,0x00000000bdc91648,0x00000000be500000)
Event: 44.520 GC heap after
Heap after GC invocations=7 (full 0):
 PSYoungGen      total 70144K, used 5611K [0x00000000eb600000, 0x00000000f4200000, 0x0000000100000000)
  eden space 64512K, 0% used [0x00000000eb600000,0x00000000eb600000,0x00000000ef500000)
  from space 5632K, 99% used [0x00000000ef500000,0x00000000efa7afd0,0x00000000efa80000)
  to   space 7168K, 0% used [0x00000000f3b00000,0x00000000f3b00000,0x00000000f4200000)
 ParOldGen       total 41984K, used 3366K [0x00000000c2200000, 0x00000000c4b00000, 0x00000000eb600000)
  object space 41984K, 8% used [0x00000000c2200000,0x00000000c2549bb0,0x00000000c4b00000)
 PSPermGen       total 21504K, used 12869K [0x00000000bd000000, 0x00000000be500000, 0x00000000c2200000)
  object space 21504K, 59% used [0x00000000bd000000,0x00000000bdc91648,0x00000000be500000)
}
Event: 58.245 GC heap before
{Heap before GC invocations=8 (full 0):
 PSYoungGen      total 70144K, used 70123K [0x00000000eb600000, 0x00000000f4200000, 0x0000000100000000)
  eden space 64512K, 100% used [0x00000000eb600000,0x00000000ef500000,0x00000000ef500000)
  from space 5632K, 99% used [0x00000000ef500000,0x00000000efa7afd0,0x00000000efa80000)
  to   space 7168K, 0% used [0x00000000f3b00000,0x00000000f3b00000,0x00000000f4200000)
 ParOldGen       total 41984K, used 3366K [0x00000000c2200000, 0x00000000c4b00000, 0x00000000eb600000)
  object space 41984K, 8% used [0x00000000c2200000,0x00000000c2549bb0,0x00000000c4b00000)
 PSPermGen       total 21504K, used 18162K [0x00000000bd000000, 0x00000000be500000, 0x00000000c2200000)
  object space 21504K, 84% used [0x00000000bd000000,0x00000000be1bcbd0,0x00000000be500000)
Event: 58.259 GC heap after
Heap after GC invocations=8 (full 0):
 PSYoungGen      total 135168K, used 6848K [0x00000000eb600000, 0x00000000f4400000, 0x0000000100000000)
  eden space 128000K, 0% used [0x00000000eb600000,0x00000000eb600000,0x00000000f3300000)
  from space 7168K, 95% used [0x00000000f3b00000,0x00000000f41b01d0,0x00000000f4200000)
  to   space 8192K, 0% used [0x00000000f3300000,0x00000000f3300000,0x00000000f3b00000)
 ParOldGen       total 41984K, used 4287K [0x00000000c2200000, 0x00000000c4b00000, 0x00000000eb600000)
  object space 41984K, 10% used [0x00000000c2200000,0x00000000c262feb0,0x00000000c4b00000)
 PSPermGen       total 21504K, used 18162K [0x00000000bd000000, 0x00000000be500000, 0x00000000c2200000)
  object space 21504K, 84% used [0x00000000bd000000,0x00000000be1bcbd0,0x00000000be500000)
}
Event: 61.533 GC heap before
{Heap before GC invocations=9 (full 0):
 PSYoungGen      total 135168K, used 134848K [0x00000000eb600000, 0x00000000f4400000, 0x0000000100000000)
  eden space 128000K, 100% used [0x00000000eb600000,0x00000000f3300000,0x00000000f3300000)
  from space 7168K, 95% used [0x00000000f3b00000,0x00000000f41b01d0,0x00000000f4200000)
  to   space 8192K, 0% used [0x00000000f3300000,0x00000000f3300000,0x00000000f3b00000)
 ParOldGen       total 41984K, used 4287K [0x00000000c2200000, 0x00000000c4b00000, 0x00000000eb600000)
  object space 41984K, 10% used [0x00000000c2200000,0x00000000c262feb0,0x00000000c4b00000)
 PSPermGen       total 21504K, used 21483K [0x00000000bd000000, 0x00000000be500000, 0x00000000c2200000)
  object space 21504K, 99% used [0x00000000bd000000,0x00000000be4fad40,0x00000000be500000)
Event: 61.555 GC heap after
Heap after GC invocations=9 (full 0):
 PSYoungGen      total 136192K, used 8178K [0x00000000eb600000, 0x00000000f9400000, 0x0000000100000000)
  eden space 128000K, 0% used [0x00000000eb600000,0x00000000eb600000,0x00000000f3300000)
  from space 8192K, 99% used [0x00000000f3300000,0x00000000f3afc938,0x00000000f3b00000)
  to   space 11264K, 0% used [0x00000000f8900000,0x00000000f8900000,0x00000000f9400000)
 ParOldGen       total 41984K, used 8522K [0x00000000c2200000, 0x00000000c4b00000, 0x00000000eb600000)
  object space 41984K, 20% used [0x00000000c2200000,0x00000000c2a52880,0x00000000c4b00000)
 PSPermGen       total 21504K, used 21483K [0x00000000bd000000, 0x00000000be500000, 0x00000000c2200000)
  object space 21504K, 99% used [0x00000000bd000000,0x00000000be4fad40,0x00000000be500000)
}

Deoptimization events (10 events):
Event: 60.774 Thread 0x000000000321b800 Uncommon trap: reason=class_check action=maybe_recompile pc=0x00000000034455b8 method=java.util.LinkedHashMap.addEntry(ILjava/lang/Object;Ljava/lang/Object;I)V @ 21
Event: 61.323 Thread 0x000000000321b800 Uncommon trap: reason=class_check action=maybe_recompile pc=0x00000000034455b8 method=java.util.LinkedHashMap.addEntry(ILjava/lang/Object;Ljava/lang/Object;I)V @ 21
Event: 63.145 Thread 0x000000000321b800 Uncommon trap: reason=bimorphic action=maybe_recompile pc=0x0000000003450e54 method=java.util.Collections$UnmodifiableCollection$1.next()Ljava/lang/Object; @ 4
Event: 66.101 Thread 0x000000000321b800 Uncommon trap: reason=class_check action=maybe_recompile pc=0x00000000034217cc method=org.apache.xerces.impl.XMLDocumentFragmentScannerImpl$FragmentContentDispatcher.dispatch(Z)Z @ 416
Event: 66.103 Thread 0x000000000321b800 Uncommon trap: reason=class_check action=maybe_recompile pc=0x00000000033dedb8 method=java.util.regex.Pattern$Start.match(Ljava/util/regex/Matcher;ILjava/lang/CharSequence;)Z @ 44
Event: 66.167 Thread 0x000000000321b800 Uncommon trap: reason=class_check action=maybe_recompile pc=0x00000000033dedb8 method=java.util.regex.Pattern$Start.match(Ljava/util/regex/Matcher;ILjava/lang/CharSequence;)Z @ 44
Event: 66.168 Thread 0x000000000321b800 Uncommon trap: reason=class_check action=maybe_recompile pc=0x00000000033dedb8 method=java.util.regex.Pattern$Start.match(Ljava/util/regex/Matcher;ILjava/lang/CharSequence;)Z @ 44
Event: 66.168 Thread 0x000000000321b800 Uncommon trap: reason=class_check action=maybe_recompile pc=0x00000000033dedb8 method=java.util.regex.Pattern$Start.match(Ljava/util/regex/Matcher;ILjava/lang/CharSequence;)Z @ 44
Event: 66.168 Thread 0x000000000321b800 Uncommon trap: reason=class_check action=maybe_recompile pc=0x000000000340d28c method=java.util.regex.Pattern$Start.match(Ljava/util/regex/Matcher;ILjava/lang/CharSequence;)Z @ 44
Event: 66.172 Thread 0x000000000321b800 Uncommon trap: reason=unreached action=reinterpret pc=0x00000000033a31e8 method=java.lang.AbstractStringBuilder.append(Ljava/lang/String;)Ljava/lang/AbstractStringBuilder; @ 1

Internal exceptions (10 events):
Event: 65.117 Thread 0x000000000321b800 Threw 0x00000000ec2d5230 at C:\re\jdk7u79\2331\hotspot\src\share\vm\prims\jvm.cpp:1304
Event: 65.119 Thread 0x000000000321b800 Threw 0x00000000ec2ebc78 at C:\re\jdk7u79\2331\hotspot\src\share\vm\prims\jvm.cpp:1304
Event: 65.436 Thread 0x000000000321b800 Threw 0x00000000ec3092c0 at C:\re\jdk7u79\2331\hotspot\src\share\vm\prims\jvm.cpp:1304
Event: 65.529 Thread 0x000000000321b800 Threw 0x00000000ec31c628 at C:\re\jdk7u79\2331\hotspot\src\share\vm\prims\jvm.cpp:1304
Event: 66.101 Thread 0x000000000321b800 Threw 0x00000000ec370b08 at C:\re\jdk7u79\2331\hotspot\src\share\vm\prims\jvm.cpp:1304
Event: 66.169 Thread 0x000000000321b800 Threw 0x00000000ec391670 at C:\re\jdk7u79\2331\hotspot\src\share\vm\prims\jvm.cpp:1304
Event: 66.171 Thread 0x000000000321b800 Threw 0x00000000ec3a64c8 at C:\re\jdk7u79\2331\hotspot\src\share\vm\prims\jvm.cpp:1304
Event: 66.172 Thread 0x000000000321b800 Threw 0x00000000ec3ba538 at C:\re\jdk7u79\2331\hotspot\src\share\vm\prims\jvm.cpp:1304
Event: 66.172 Thread 0x000000000321b800 Implicit null exception at 0x00000000033a2e86 to 0x00000000033a31d1
Event: 66.358 Thread 0x000000000321b800 Threw 0x00000000ec495f78 at C:\re\jdk7u79\2331\hotspot\src\share\vm\prims\jvm.cpp:1304

Events (10 events):
Event: 66.169 loading class 0x000000000ab52be0 done
Event: 66.171 loading class 0x000000000ab53ca0
Event: 66.171 loading class 0x000000000ab53ca0 done
Event: 66.172 loading class 0x000000000bed41d0
Event: 66.172 loading class 0x000000000bed41d0 done
Event: 66.172 Thread 0x000000000321b800 Uncommon trap: trap_request=0xffffffad fr.pc=0x00000000033a31e8
Event: 66.172 Thread 0x000000000321b800 DEOPT PACKING pc=0x00000000033a31e8 sp=0x000000000311ccf0
Event: 66.172 Thread 0x000000000321b800 DEOPT UNPACKING pc=0x00000000033475a4 sp=0x000000000311cc80 mode 2
Event: 66.358 loading class 0x000000000bed4d10
Event: 66.358 loading class 0x000000000bed4d10 done


Dynamic libraries:
0x00007ff637fa0000 - 0x00007ff637fd3000 	C:\Program Files\Java\jdk1.7.0_79\jre\bin\java.exe
0x00007ffb7fcf0000 - 0x00007ffb7fed1000 	C:\WINDOWS\SYSTEM32\ntdll.dll
0x00007ffb7d6d0000 - 0x00007ffb7d782000 	C:\WINDOWS\System32\KERNEL32.DLL
0x00007ffb7cb40000 - 0x00007ffb7cdb3000 	C:\WINDOWS\System32\KERNELBASE.dll
0x00007ffb7e330000 - 0x00007ffb7e3d1000 	C:\WINDOWS\System32\ADVAPI32.dll
0x00007ffb7e230000 - 0x00007ffb7e2ce000 	C:\WINDOWS\System32\msvcrt.dll
0x00007ffb7d360000 - 0x00007ffb7d3bb000 	C:\WINDOWS\System32\sechost.dll
0x00007ffb7e100000 - 0x00007ffb7e224000 	C:\WINDOWS\System32\RPCRT4.dll
0x00007ffb7d1a0000 - 0x00007ffb7d330000 	C:\WINDOWS\System32\USER32.dll
0x00007ffb7cb20000 - 0x00007ffb7cb40000 	C:\WINDOWS\System32\win32u.dll
0x00007ffb7d6a0000 - 0x00007ffb7d6c8000 	C:\WINDOWS\System32\GDI32.dll
0x00007ffb7cf30000 - 0x00007ffb7d0c2000 	C:\WINDOWS\System32\gdi32full.dll
0x00007ffb7ce90000 - 0x00007ffb7cf2f000 	C:\WINDOWS\System32\msvcp_win.dll
0x00007ffb7ca20000 - 0x00007ffb7cb1a000 	C:\WINDOWS\System32\ucrtbase.dll
0x00007ffb70850000 - 0x00007ffb70ab9000 	C:\WINDOWS\WinSxS\amd64_microsoft.windows.common-controls_6595b64144ccf1df_6.0.17134.112_none_fb3f961b30681c12\COMCTL32.dll
0x00007ffb7e3e0000 - 0x00007ffb7e703000 	C:\WINDOWS\System32\combase.dll
0x00007ffb7cdc0000 - 0x00007ffb7ce3a000 	C:\WINDOWS\System32\bcryptPrimitives.dll
0x00007ffb7d330000 - 0x00007ffb7d35d000 	C:\WINDOWS\System32\IMM32.DLL
0x000000005a480000 - 0x000000005a552000 	C:\Program Files\Java\jdk1.7.0_79\jre\bin\msvcr100.dll
0x0000000059ca0000 - 0x000000005a475000 	C:\Program Files\Java\jdk1.7.0_79\jre\bin\server\jvm.dll
0x00007ffb7e810000 - 0x00007ffb7e818000 	C:\WINDOWS\System32\PSAPI.DLL
0x00007ffb6f570000 - 0x00007ffb6f579000 	C:\WINDOWS\SYSTEM32\WSOCK32.dll
0x00007ffb79a70000 - 0x00007ffb79a93000 	C:\WINDOWS\SYSTEM32\WINMM.dll
0x00007ffb7e090000 - 0x00007ffb7e0fc000 	C:\WINDOWS\System32\WS2_32.dll
0x00007ffb79a40000 - 0x00007ffb79a6a000 	C:\WINDOWS\SYSTEM32\WINMMBASE.dll
0x00007ffb7ce40000 - 0x00007ffb7ce89000 	C:\WINDOWS\System32\cfgmgr32.dll
0x0000000059c90000 - 0x0000000059c9f000 	C:\Program Files\Java\jdk1.7.0_79\jre\bin\verify.dll
0x0000000059c60000 - 0x0000000059c88000 	C:\Program Files\Java\jdk1.7.0_79\jre\bin\java.dll
0x0000000059c40000 - 0x0000000059c55000 	C:\Program Files\Java\jdk1.7.0_79\jre\bin\zip.dll
0x0000000059c20000 - 0x0000000059c3a000 	C:\Program Files\Java\jdk1.7.0_79\jre\bin\net.dll
0x00007ffb7b580000 - 0x00007ffb7b5e6000 	C:\WINDOWS\system32\mswsock.dll
0x0000000059c00000 - 0x0000000059c11000 	C:\Program Files\Java\jdk1.7.0_79\jre\bin\nio.dll
0x0000000059bc0000 - 0x0000000059bcb000 	C:\Program Files\Java\jdk1.7.0_79\jre\bin\management.dll
0x00007ffb77b80000 - 0x00007ffb77b96000 	C:\WINDOWS\system32\napinsp.dll
0x00007ffb6bcf0000 - 0x00007ffb6bd0a000 	C:\WINDOWS\system32\pnrpnsp.dll
0x00007ffb780a0000 - 0x00007ffb780b9000 	C:\WINDOWS\system32\NLAapi.dll
0x00007ffb7b340000 - 0x00007ffb7b3fe000 	C:\WINDOWS\SYSTEM32\DNSAPI.dll
0x00007ffb7e800000 - 0x00007ffb7e808000 	C:\WINDOWS\System32\NSI.dll
0x00007ffb7b300000 - 0x00007ffb7b338000 	C:\WINDOWS\SYSTEM32\IPHLPAPI.DLL
0x00007ffb72780000 - 0x00007ffb7278e000 	C:\WINDOWS\System32\winrnr.dll
0x00007ffb583f0000 - 0x00007ffb58405000 	C:\WINDOWS\System32\wshbth.dll
0x00007ffb72610000 - 0x00007ffb7261a000 	C:\Windows\System32\rasadhlp.dll
0x00007ffb72b70000 - 0x00007ffb72be2000 	C:\WINDOWS\System32\fwpuclnt.dll
0x00007ffb7b930000 - 0x00007ffb7b955000 	C:\WINDOWS\SYSTEM32\bcrypt.dll
0x00007ffb7bcc0000 - 0x00007ffb7bcd7000 	C:\WINDOWS\SYSTEM32\CRYPTSP.dll
0x00007ffb7b160000 - 0x00007ffb7b193000 	C:\WINDOWS\system32\rsaenh.dll
0x00007ffb7bf00000 - 0x00007ffb7bf28000 	C:\WINDOWS\SYSTEM32\USERENV.dll
0x00007ffb7c000000 - 0x00007ffb7c01f000 	C:\WINDOWS\System32\profapi.dll
0x00007ffb7b730000 - 0x00007ffb7b73b000 	C:\WINDOWS\SYSTEM32\CRYPTBASE.dll
0x00007ffb73990000 - 0x00007ffb739a6000 	C:\WINDOWS\SYSTEM32\dhcpcsvc6.DLL
0x00007ffb73ab0000 - 0x00007ffb73aca000 	C:\WINDOWS\SYSTEM32\dhcpcsvc.DLL
0x0000000059930000 - 0x0000000059ac5000 	C:\Program Files\Java\jdk1.7.0_79\jre\bin\awt.dll
0x00007ffb7d460000 - 0x00007ffb7d522000 	C:\WINDOWS\System32\OLEAUT32.dll
0x00007ffb797d0000 - 0x00007ffb7985b000 	C:\WINDOWS\SYSTEM32\apphelp.dll

VM Arguments:
jvm_args: -Dexternal-properties=com/liferay/portal/tools/dependencies/portal-tools.properties -Dliferay.lib.portal.dir=E:\luanvan\server\tomcat-7.0.62\webapps\ROOT\WEB-INF\lib -Ddeployer.base.dir=E:/luanvan/sdk/dist -Ddeployer.dest.dir=E:\luanvan\server\tomcat-7.0.62\webapps -Ddeployer.app.server.type=tomcat -Ddeployer.aui.taglib.dtd=E:\luanvan\server\tomcat-7.0.62\webapps\ROOT/WEB-INF/tld/aui.tld -Ddeployer.portlet.taglib.dtd=E:\luanvan\server\tomcat-7.0.62\webapps\ROOT/WEB-INF/tld/liferay-portlet.tld -Ddeployer.portlet-ext.taglib.dtd=E:\luanvan\server\tomcat-7.0.62\webapps\ROOT/WEB-INF/tld/liferay-portlet-ext.tld -Ddeployer.security.taglib.dtd=E:\luanvan\server\tomcat-7.0.62\webapps\ROOT/WEB-INF/tld/liferay-security.tld -Ddeployer.theme.taglib.dtd=E:\luanvan\server\tomcat-7.0.62\webapps\ROOT/WEB-INF/tld/liferay-theme.tld -Ddeployer.ui.taglib.dtd=E:\luanvan\server\tomcat-7.0.62\webapps\ROOT/WEB-INF/tld/liferay-ui.tld -Ddeployer.util.taglib.dtd=E:\luanvan\server\tomcat-7.0.62\webapps\ROOT/WEB-INF/tld/liferay-util.tld -Ddeployer.unpack.war=true -Ddeployer.custom.portlet.xml=false -Ddeployer.file.pattern=MonitoringPluginService-portlet-*.war -Ddeployer.tomcat.lib.dir=E:\luanvan\server\tomcat-7.0.62\lib\ext 
java_command: com.liferay.portal.tools.deploy.PortletDeployer E:\luanvan\server\tomcat-7.0.62\webapps\ROOT\WEB-INF\lib/util-bridges.jar E:\luanvan\server\tomcat-7.0.62\webapps\ROOT\WEB-INF\lib/util-java.jar E:\luanvan\server\tomcat-7.0.62\webapps\ROOT\WEB-INF\lib/util-taglib.jar
Launcher Type: SUN_STANDARD

Environment Variables:
JAVA_HOME=C:\Program Files\Java\jdk1.7.0_79
PATH=C:/Program Files/Java/jdk1.7.0_79/bin/../jre/bin/server;C:/Program Files/Java/jdk1.7.0_79/bin/../jre/bin;C:/Program Files/Java/jdk1.7.0_79/bin/../jre/lib/amd64;C:\Program Files\Java\jdk1.7.0_79\bin;C:\WINDOWS\system32;C:\WINDOWS;C:\WINDOWS\System32\Wbem;C:\WINDOWS\System32\WindowsPowerShell\v1.0\;C:\Program Files\Microsoft SQL Server\130\Tools\Binn\;C:\Program Files\Git\cmd;C:\Program Files\TortoiseSVN\bin;C:\Program Files (x86)\Skype\Phone\;;C:\WINDOWS\System32\OpenSSH\;C:\Users\thuthuy\AppData\Local\Microsoft\WindowsApps;;C:\Program Files\Microsoft VS Code\bin;C:\Users\thuthuy\Desktop\software_liferay\eclipse;
USERNAME=thuthuy
OS=Windows_NT
PROCESSOR_IDENTIFIER=Intel64 Family 6 Model 58 Stepping 9, GenuineIntel



---------------  S Y S T E M  ---------------

OS: Windows 8.1 , 64 bit Build 9600 

CPU:total 4 (2 cores per cpu, 2 threads per core) family 6 model 58 stepping 9, cmov, cx8, fxsr, mmx, sse, sse2, sse3, ssse3, sse4.1, sse4.2, popcnt, avx, erms, ht, tsc, tscinvbit, tscinv

Memory: 4k page, physical 4051152k(281436k free), swap 8147152k(1564k free)

vm_info: Java HotSpot(TM) 64-Bit Server VM (24.79-b02) for windows-amd64 JRE (1.7.0_79-b15), built on Apr 10 2015 12:36:16 by "java_re" with unknown MS VC++:1600

time: Sat Jun 30 22:07:36 2018
elapsed time: 66 seconds

